[0.020s] Invoking command in '/home/ichbinwil/Documents/Aruco_ros/build/aruco': CMAKE_PREFIX_PATH=${CMAKE_PREFIX_PATH}:/opt/ros/jazzy DEBUGINFOD_URLS=https://debuginfod.ubuntu.com /usr/bin/cmake --build /home/ichbinwil/Documents/Aruco_ros/build/aruco -- -j8 -l8
[0.144s] [ 50%] [32mBuilding CXX object CMakeFiles/aruco_detect.dir/src/aruco_detect.cpp.o[0m
[7.779s] [100%] [32m[1mLinking CXX executable aruco_detect[0m
[8.988s] [100%] Built target aruco_detect
[9.012s] Invoked command in '/home/ichbinwil/Documents/Aruco_ros/build/aruco' returned '0': CMAKE_PREFIX_PATH=${CMAKE_PREFIX_PATH}:/opt/ros/jazzy DEBUGINFOD_URLS=https://debuginfod.ubuntu.com /usr/bin/cmake --build /home/ichbinwil/Documents/Aruco_ros/build/aruco -- -j8 -l8
[9.034s] Invoking command in '/home/ichbinwil/Documents/Aruco_ros/build/aruco': CMAKE_PREFIX_PATH=${CMAKE_PREFIX_PATH}:/opt/ros/jazzy DEBUGINFOD_URLS=https://debuginfod.ubuntu.com /usr/bin/cmake --install /home/ichbinwil/Documents/Aruco_ros/build/aruco
[9.064s] -- Install configuration: ""
[9.066s] -- Installing: /home/ichbinwil/Documents/Aruco_ros/install/aruco/lib/aruco/aruco_detect
[9.069s] -- Set non-toolchain portion of runtime path of "/home/ichbinwil/Documents/Aruco_ros/install/aruco/lib/aruco/aruco_detect" to ""
[9.070s] -- Up-to-date: /home/ichbinwil/Documents/Aruco_ros/install/aruco/share/ament_index/resource_index/package_run_dependencies/aruco
[9.071s] -- Up-to-date: /home/ichbinwil/Documents/Aruco_ros/install/aruco/share/ament_index/resource_index/parent_prefix_path/aruco
[9.072s] -- Up-to-date: /home/ichbinwil/Documents/Aruco_ros/install/aruco/share/aruco/environment/ament_prefix_path.sh
[9.073s] -- Up-to-date: /home/ichbinwil/Documents/Aruco_ros/install/aruco/share/aruco/environment/ament_prefix_path.dsv
[9.073s] -- Up-to-date: /home/ichbinwil/Documents/Aruco_ros/install/aruco/share/aruco/environment/path.sh
[9.074s] -- Up-to-date: /home/ichbinwil/Documents/Aruco_ros/install/aruco/share/aruco/environment/path.dsv
[9.074s] -- Up-to-date: /home/ichbinwil/Documents/Aruco_ros/install/aruco/share/aruco/local_setup.bash
[9.075s] -- Up-to-date: /home/ichbinwil/Documents/Aruco_ros/install/aruco/share/aruco/local_setup.sh
[9.075s] -- Up-to-date: /home/ichbinwil/Documents/Aruco_ros/install/aruco/share/aruco/local_setup.zsh
[9.076s] -- Up-to-date: /home/ichbinwil/Documents/Aruco_ros/install/aruco/share/aruco/local_setup.dsv
[9.077s] -- Installing: /home/ichbinwil/Documents/Aruco_ros/install/aruco/share/aruco/package.dsv
[9.078s] -- Up-to-date: /home/ichbinwil/Documents/Aruco_ros/install/aruco/share/ament_index/resource_index/packages/aruco
[9.078s] -- Up-to-date: /home/ichbinwil/Documents/Aruco_ros/install/aruco/share/aruco/cmake/ament_cmake_export_dependencies-extras.cmake
[9.079s] -- Up-to-date: /home/ichbinwil/Documents/Aruco_ros/install/aruco/share/aruco/cmake/arucoConfig.cmake
[9.080s] -- Up-to-date: /home/ichbinwil/Documents/Aruco_ros/install/aruco/share/aruco/cmake/arucoConfig-version.cmake
[9.081s] -- Up-to-date: /home/ichbinwil/Documents/Aruco_ros/install/aruco/share/aruco/package.xml
[9.083s] Invoked command in '/home/ichbinwil/Documents/Aruco_ros/build/aruco' returned '0': CMAKE_PREFIX_PATH=${CMAKE_PREFIX_PATH}:/opt/ros/jazzy DEBUGINFOD_URLS=https://debuginfod.ubuntu.com /usr/bin/cmake --install /home/ichbinwil/Documents/Aruco_ros/build/aruco
