-- The C compiler identification is GNU 11.4.0
-- The CXX compiler identification is GNU 11.4.0
-- Detecting C compiler ABI info
-- Detecting C compiler ABI info - done
-- Check for working C compiler: /usr/bin/cc - skipped
-- Detecting C compile features
-- Detecting C compile features - done
-- Detecting CXX compiler ABI info
-- Detecting CXX compiler ABI info - done
-- Check for working CXX compiler: /usr/bin/c++ - skipped
-- Detecting CXX compile features
-- Detecting CXX compile features - done
-- Found ament_cmake: 1.3.11 (/opt/ros/humble/share/ament_cmake/cmake)
-- Found Python3: /usr/bin/python3 (found version "3.10.12") found components: Interpreter 
-- Found ament_lint_auto: 0.12.11 (/opt/ros/humble/share/ament_lint_auto/cmake)
-- Added test 'cppcheck' to perform static code analysis on C / C++ code
-- Configured cppcheck include dirs: $<BUILD_INTERFACE:/home/ichbinwil/Opencv_ROS/src/aruco/include>
-- Configured cppcheck exclude dirs and/or files: 
-- Added test 'lint_cmake' to check CMake code style
-- Added test 'uncrustify' to check C / C++ code style
-- Configured uncrustify additional arguments: 
-- Added test 'xmllint' to check XML markup files
-- Configuring done
-- Generating done
-- Build files have been written to: /home/ichbinwil/Opencv_ROS/build/aruco
[ 50%] [32mBuilding CXX object CMakeFiles/aruco_detect.dir/src/aruco_detect.cpp.o[0m
[100%] [32m[1mLinking CXX executable aruco_detect[0m
[100%] Built target aruco_detect
-- Install configuration: ""
-- Installing: /home/ichbinwil/Opencv_ROS/install/aruco/lib/aruco/aruco_detect
-- Installing: /home/ichbinwil/Opencv_ROS/install/aruco/share/ament_index/resource_index/package_run_dependencies/aruco
-- Installing: /home/ichbinwil/Opencv_ROS/install/aruco/share/ament_index/resource_index/parent_prefix_path/aruco
-- Installing: /home/ichbinwil/Opencv_ROS/install/aruco/share/aruco/environment/ament_prefix_path.sh
-- Installing: /home/ichbinwil/Opencv_ROS/install/aruco/share/aruco/environment/ament_prefix_path.dsv
-- Installing: /home/ichbinwil/Opencv_ROS/install/aruco/share/aruco/environment/path.sh
-- Installing: /home/ichbinwil/Opencv_ROS/install/aruco/share/aruco/environment/path.dsv
-- Installing: /home/ichbinwil/Opencv_ROS/install/aruco/share/aruco/local_setup.bash
-- Installing: /home/ichbinwil/Opencv_ROS/install/aruco/share/aruco/local_setup.sh
-- Installing: /home/ichbinwil/Opencv_ROS/install/aruco/share/aruco/local_setup.zsh
-- Installing: /home/ichbinwil/Opencv_ROS/install/aruco/share/aruco/local_setup.dsv
-- Installing: /home/ichbinwil/Opencv_ROS/install/aruco/share/aruco/package.dsv
-- Installing: /home/ichbinwil/Opencv_ROS/install/aruco/share/ament_index/resource_index/packages/aruco
-- Installing: /home/ichbinwil/Opencv_ROS/install/aruco/share/aruco/cmake/arucoConfig.cmake
-- Installing: /home/ichbinwil/Opencv_ROS/install/aruco/share/aruco/cmake/arucoConfig-version.cmake
-- Installing: /home/ichbinwil/Opencv_ROS/install/aruco/share/aruco/package.xml
