[0.012s] Invoking command in '/home/ichbinwil/Opencv_ROS/build/aruco': CMAKE_PREFIX_PATH=${CMAKE_PREFIX_PATH}:/opt/ros/humble /usr/bin/cmake /home/ichbinwil/Opencv_ROS/src/aruco -DCMAKE_INSTALL_PREFIX=/home/ichbinwil/Opencv_ROS/install/aruco
[0.229s] -- The C compiler identification is GNU 11.4.0
[0.302s] -- The CXX compiler identification is GNU 11.4.0
[0.316s] -- Detecting C compiler ABI info
[0.402s] -- Detecting C compiler ABI info - done
[0.412s] -- Check for working C compiler: /usr/bin/cc - skipped
[0.413s] -- Detecting C compile features
[0.414s] -- Detecting C compile features - done
[0.418s] -- Detecting CXX compiler ABI info
[0.544s] -- Detecting CXX compiler ABI info - done
[0.553s] -- Check for working CXX compiler: /usr/bin/c++ - skipped
[0.553s] -- Detecting CXX compile features
[0.554s] -- Detecting CXX compile features - done
[0.564s] -- Found ament_cmake: 1.3.11 (/opt/ros/humble/share/ament_cmake/cmake)
[0.772s] -- Found Python3: /usr/bin/python3 (found version "3.10.12") found components: Interpreter 
[0.936s] -- Found ament_lint_auto: 0.12.11 (/opt/ros/humble/share/ament_lint_auto/cmake)
[1.077s] -- Added test 'cppcheck' to perform static code analysis on C / C++ code
[1.077s] -- Configured cppcheck include dirs: $<BUILD_INTERFACE:/home/ichbinwil/Opencv_ROS/src/aruco/include>
[1.077s] -- Configured cppcheck exclude dirs and/or files: 
[1.079s] -- Added test 'lint_cmake' to check CMake code style
[1.081s] -- Added test 'uncrustify' to check C / C++ code style
[1.081s] -- Configured uncrustify additional arguments: 
[1.082s] -- Added test 'xmllint' to check XML markup files
[1.084s] -- Configuring done
[1.090s] -- Generating done
[1.093s] -- Build files have been written to: /home/ichbinwil/Opencv_ROS/build/aruco
[1.097s] Invoked command in '/home/ichbinwil/Opencv_ROS/build/aruco' returned '0': CMAKE_PREFIX_PATH=${CMAKE_PREFIX_PATH}:/opt/ros/humble /usr/bin/cmake /home/ichbinwil/Opencv_ROS/src/aruco -DCMAKE_INSTALL_PREFIX=/home/ichbinwil/Opencv_ROS/install/aruco
[1.100s] Invoking command in '/home/ichbinwil/Opencv_ROS/build/aruco': CMAKE_PREFIX_PATH=${CMAKE_PREFIX_PATH}:/opt/ros/humble /usr/bin/cmake --build /home/ichbinwil/Opencv_ROS/build/aruco -- -j8 -l8
[1.160s] [ 50%] [32mBuilding CXX object CMakeFiles/aruco_detect.dir/src/aruco_detect.cpp.o[0m
[1.196s] [100%] [32m[1mLinking CXX executable aruco_detect[0m
[1.255s] [100%] Built target aruco_detect
[1.269s] Invoked command in '/home/ichbinwil/Opencv_ROS/build/aruco' returned '0': CMAKE_PREFIX_PATH=${CMAKE_PREFIX_PATH}:/opt/ros/humble /usr/bin/cmake --build /home/ichbinwil/Opencv_ROS/build/aruco -- -j8 -l8
[1.282s] Invoking command in '/home/ichbinwil/Opencv_ROS/build/aruco': CMAKE_PREFIX_PATH=${CMAKE_PREFIX_PATH}:/opt/ros/humble /usr/bin/cmake --install /home/ichbinwil/Opencv_ROS/build/aruco
[1.291s] -- Install configuration: ""
[1.291s] -- Installing: /home/ichbinwil/Opencv_ROS/install/aruco/lib/aruco/aruco_detect
[1.291s] -- Installing: /home/ichbinwil/Opencv_ROS/install/aruco/share/ament_index/resource_index/package_run_dependencies/aruco
[1.292s] -- Installing: /home/ichbinwil/Opencv_ROS/install/aruco/share/ament_index/resource_index/parent_prefix_path/aruco
[1.292s] -- Installing: /home/ichbinwil/Opencv_ROS/install/aruco/share/aruco/environment/ament_prefix_path.sh
[1.292s] -- Installing: /home/ichbinwil/Opencv_ROS/install/aruco/share/aruco/environment/ament_prefix_path.dsv
[1.292s] -- Installing: /home/ichbinwil/Opencv_ROS/install/aruco/share/aruco/environment/path.sh
[1.292s] -- Installing: /home/ichbinwil/Opencv_ROS/install/aruco/share/aruco/environment/path.dsv
[1.293s] -- Installing: /home/ichbinwil/Opencv_ROS/install/aruco/share/aruco/local_setup.bash
[1.293s] -- Installing: /home/ichbinwil/Opencv_ROS/install/aruco/share/aruco/local_setup.sh
[1.293s] -- Installing: /home/ichbinwil/Opencv_ROS/install/aruco/share/aruco/local_setup.zsh
[1.293s] -- Installing: /home/ichbinwil/Opencv_ROS/install/aruco/share/aruco/local_setup.dsv
[1.294s] -- Installing: /home/ichbinwil/Opencv_ROS/install/aruco/share/aruco/package.dsv
[1.294s] -- Installing: /home/ichbinwil/Opencv_ROS/install/aruco/share/ament_index/resource_index/packages/aruco
[1.294s] -- Installing: /home/ichbinwil/Opencv_ROS/install/aruco/share/aruco/cmake/arucoConfig.cmake
[1.294s] -- Installing: /home/ichbinwil/Opencv_ROS/install/aruco/share/aruco/cmake/arucoConfig-version.cmake
[1.294s] -- Installing: /home/ichbinwil/Opencv_ROS/install/aruco/share/aruco/package.xml
[1.297s] Invoked command in '/home/ichbinwil/Opencv_ROS/build/aruco' returned '0': CMAKE_PREFIX_PATH=${CMAKE_PREFIX_PATH}:/opt/ros/humble /usr/bin/cmake --install /home/ichbinwil/Opencv_ROS/build/aruco
