[0.016s] Invoking command in '/home/ichbinwil/Opencv_ROS/build/aruco': CMAKE_PREFIX_PATH=${CMAKE_PREFIX_PATH}:/opt/ros/humble /usr/bin/cmake --build /home/ichbinwil/Opencv_ROS/build/aruco -- -j8 -l8
[0.047s] -- Found ament_cmake: 1.3.11 (/opt/ros/humble/share/ament_cmake/cmake)
[0.220s] -- Found rclcpp: 16.0.11 (/opt/ros/humble/share/rclcpp/cmake)
[0.260s] -- Found rosidl_generator_c: 3.1.6 (/opt/ros/humble/share/rosidl_generator_c/cmake)
[0.263s] -- Found rosidl_adapter: 3.1.6 (/opt/ros/humble/share/rosidl_adapter/cmake)
[0.270s] -- Found rosidl_generator_cpp: 3.1.6 (/opt/ros/humble/share/rosidl_generator_cpp/cmake)
[0.283s] -- Using all available rosidl_typesupport_c: rosidl_typesupport_fastrtps_c;rosidl_typesupport_introspection_c
[0.299s] -- Using all available rosidl_typesupport_cpp: rosidl_typesupport_fastrtps_cpp;rosidl_typesupport_introspection_cpp
[0.345s] -- Found rmw_implementation_cmake: 6.1.2 (/opt/ros/humble/share/rmw_implementation_cmake/cmake)
[0.346s] -- Found rmw_fastrtps_cpp: 6.2.7 (/opt/ros/humble/share/rmw_fastrtps_cpp/cmake)
[0.494s] -- Using RMW implementation 'rmw_fastrtps_cpp' as default
[0.573s] -- Found ament_lint_auto: 0.12.11 (/opt/ros/humble/share/ament_lint_auto/cmake)
[0.671s] -- Added test 'cppcheck' to perform static code analysis on C / C++ code
[0.671s] -- Configured cppcheck include dirs: $<BUILD_INTERFACE:/home/ichbinwil/Opencv_ROS/src/aruco/include>
[0.671s] -- Configured cppcheck exclude dirs and/or files: 
[0.672s] -- Added test 'lint_cmake' to check CMake code style
[0.673s] -- Added test 'uncrustify' to check C / C++ code style
[0.674s] -- Configured uncrustify additional arguments: 
[0.674s] -- Added test 'xmllint' to check XML markup files
[0.676s] -- Configuring done
[0.693s] -- Generating done
[0.699s] -- Build files have been written to: /home/ichbinwil/Opencv_ROS/build/aruco
[0.733s] [35m[1mConsolidate compiler generated dependencies of target aruco_detect[0m
[0.748s] [ 50%] [32mBuilding CXX object CMakeFiles/aruco_detect.dir/src/aruco_detect.cpp.o[0m
[0.806s] [100%] [32m[1mLinking CXX executable aruco_detect[0m
[1.133s] [100%] Built target aruco_detect
[1.148s] Invoked command in '/home/ichbinwil/Opencv_ROS/build/aruco' returned '0': CMAKE_PREFIX_PATH=${CMAKE_PREFIX_PATH}:/opt/ros/humble /usr/bin/cmake --build /home/ichbinwil/Opencv_ROS/build/aruco -- -j8 -l8
[1.162s] Invoking command in '/home/ichbinwil/Opencv_ROS/build/aruco': CMAKE_PREFIX_PATH=${CMAKE_PREFIX_PATH}:/opt/ros/humble /usr/bin/cmake --install /home/ichbinwil/Opencv_ROS/build/aruco
[1.172s] -- Install configuration: ""
[1.172s] -- Installing: /home/ichbinwil/Opencv_ROS/install/aruco/lib/aruco/aruco_detect
[1.173s] -- Set runtime path of "/home/ichbinwil/Opencv_ROS/install/aruco/lib/aruco/aruco_detect" to ""
[1.173s] -- Installing: /home/ichbinwil/Opencv_ROS/install/aruco/share/ament_index/resource_index/package_run_dependencies/aruco
[1.173s] -- Up-to-date: /home/ichbinwil/Opencv_ROS/install/aruco/share/ament_index/resource_index/parent_prefix_path/aruco
[1.173s] -- Up-to-date: /home/ichbinwil/Opencv_ROS/install/aruco/share/aruco/environment/ament_prefix_path.sh
[1.174s] -- Installing: /home/ichbinwil/Opencv_ROS/install/aruco/share/aruco/environment/ament_prefix_path.dsv
[1.174s] -- Up-to-date: /home/ichbinwil/Opencv_ROS/install/aruco/share/aruco/environment/path.sh
[1.174s] -- Installing: /home/ichbinwil/Opencv_ROS/install/aruco/share/aruco/environment/path.dsv
[1.174s] -- Up-to-date: /home/ichbinwil/Opencv_ROS/install/aruco/share/aruco/local_setup.bash
[1.174s] -- Up-to-date: /home/ichbinwil/Opencv_ROS/install/aruco/share/aruco/local_setup.sh
[1.174s] -- Up-to-date: /home/ichbinwil/Opencv_ROS/install/aruco/share/aruco/local_setup.zsh
[1.174s] -- Installing: /home/ichbinwil/Opencv_ROS/install/aruco/share/aruco/local_setup.dsv
[1.174s] -- Installing: /home/ichbinwil/Opencv_ROS/install/aruco/share/aruco/package.dsv
[1.175s] -- Up-to-date: /home/ichbinwil/Opencv_ROS/install/aruco/share/ament_index/resource_index/packages/aruco
[1.175s] -- Installing: /home/ichbinwil/Opencv_ROS/install/aruco/share/aruco/cmake/ament_cmake_export_dependencies-extras.cmake
[1.175s] -- Installing: /home/ichbinwil/Opencv_ROS/install/aruco/share/aruco/cmake/arucoConfig.cmake
[1.175s] -- Up-to-date: /home/ichbinwil/Opencv_ROS/install/aruco/share/aruco/cmake/arucoConfig-version.cmake
[1.175s] -- Installing: /home/ichbinwil/Opencv_ROS/install/aruco/share/aruco/package.xml
[1.178s] Invoked command in '/home/ichbinwil/Opencv_ROS/build/aruco' returned '0': CMAKE_PREFIX_PATH=${CMAKE_PREFIX_PATH}:/opt/ros/humble /usr/bin/cmake --install /home/ichbinwil/Opencv_ROS/build/aruco
