[35m[1mConsolidate compiler generated dependencies of target aruco_detect[0m
[ 50%] [32mBuilding CXX object CMakeFiles/aruco_detect.dir/src/aruco_detect.cpp.o[0m
[100%] [32m[1mLinking CXX executable aruco_detect[0m
[100%] Built target aruco_detect
-- Install configuration: ""
-- Installing: /home/ichbinwil/Opencv_ROS/install/aruco/lib/aruco/aruco_detect
-- Set runtime path of "/home/ichbinwil/Opencv_ROS/install/aruco/lib/aruco/aruco_detect" to ""
-- Up-to-date: /home/ichbinwil/Opencv_ROS/install/aruco/share/ament_index/resource_index/package_run_dependencies/aruco
-- Up-to-date: /home/ichbinwil/Opencv_ROS/install/aruco/share/ament_index/resource_index/parent_prefix_path/aruco
-- Up-to-date: /home/ichbinwil/Opencv_ROS/install/aruco/share/aruco/environment/ament_prefix_path.sh
-- Up-to-date: /home/ichbinwil/Opencv_ROS/install/aruco/share/aruco/environment/ament_prefix_path.dsv
-- Up-to-date: /home/ichbinwil/Opencv_ROS/install/aruco/share/aruco/environment/path.sh
-- Up-to-date: /home/ichbinwil/Opencv_ROS/install/aruco/share/aruco/environment/path.dsv
-- Up-to-date: /home/ichbinwil/Opencv_ROS/install/aruco/share/aruco/local_setup.bash
-- Up-to-date: /home/ichbinwil/Opencv_ROS/install/aruco/share/aruco/local_setup.sh
-- Up-to-date: /home/ichbinwil/Opencv_ROS/install/aruco/share/aruco/local_setup.zsh
-- Up-to-date: /home/ichbinwil/Opencv_ROS/install/aruco/share/aruco/local_setup.dsv
-- Installing: /home/ichbinwil/Opencv_ROS/install/aruco/share/aruco/package.dsv
-- Up-to-date: /home/ichbinwil/Opencv_ROS/install/aruco/share/ament_index/resource_index/packages/aruco
-- Up-to-date: /home/ichbinwil/Opencv_ROS/install/aruco/share/aruco/cmake/ament_cmake_export_dependencies-extras.cmake
-- Up-to-date: /home/ichbinwil/Opencv_ROS/install/aruco/share/aruco/cmake/arucoConfig.cmake
-- Up-to-date: /home/ichbinwil/Opencv_ROS/install/aruco/share/aruco/cmake/arucoConfig-version.cmake
-- Up-to-date: /home/ichbinwil/Opencv_ROS/install/aruco/share/aruco/package.xml
