[0.032s] Invoking command in '/home/ichbinwil/Opencv_ROS/build/aruco': CMAKE_PREFIX_PATH=${CMAKE_PREFIX_PATH}:/opt/ros/humble /usr/bin/cmake --build /home/ichbinwil/Opencv_ROS/build/aruco -- -j8 -l8
[0.129s] [35m[1mConsolidate compiler generated dependencies of target aruco_detect[0m
[0.171s] [ 50%] [32mBuilding CXX object CMakeFiles/aruco_detect.dir/src/aruco_detect.cpp.o[0m
[7.503s] [100%] [32m[1mLinking CXX executable aruco_detect[0m
[8.336s] [100%] Built target aruco_detect
[8.358s] Invoked command in '/home/ichbinwil/Opencv_ROS/build/aruco' returned '0': CMAKE_PREFIX_PATH=${CMAKE_PREFIX_PATH}:/opt/ros/humble /usr/bin/cmake --build /home/ichbinwil/Opencv_ROS/build/aruco -- -j8 -l8
[8.379s] Invoking command in '/home/ichbinwil/Opencv_ROS/build/aruco': CMAKE_PREFIX_PATH=${CMAKE_PREFIX_PATH}:/opt/ros/humble /usr/bin/cmake --install /home/ichbinwil/Opencv_ROS/build/aruco
[8.392s] -- Install configuration: ""
[8.393s] -- Installing: /home/ichbinwil/Opencv_ROS/install/aruco/lib/aruco/aruco_detect
[8.394s] -- Set runtime path of "/home/ichbinwil/Opencv_ROS/install/aruco/lib/aruco/aruco_detect" to ""
[8.395s] -- Up-to-date: /home/ichbinwil/Opencv_ROS/install/aruco/share/ament_index/resource_index/package_run_dependencies/aruco
[8.395s] -- Up-to-date: /home/ichbinwil/Opencv_ROS/install/aruco/share/ament_index/resource_index/parent_prefix_path/aruco
[8.395s] -- Up-to-date: /home/ichbinwil/Opencv_ROS/install/aruco/share/aruco/environment/ament_prefix_path.sh
[8.396s] -- Up-to-date: /home/ichbinwil/Opencv_ROS/install/aruco/share/aruco/environment/ament_prefix_path.dsv
[8.396s] -- Up-to-date: /home/ichbinwil/Opencv_ROS/install/aruco/share/aruco/environment/path.sh
[8.396s] -- Up-to-date: /home/ichbinwil/Opencv_ROS/install/aruco/share/aruco/environment/path.dsv
[8.397s] -- Up-to-date: /home/ichbinwil/Opencv_ROS/install/aruco/share/aruco/local_setup.bash
[8.397s] -- Up-to-date: /home/ichbinwil/Opencv_ROS/install/aruco/share/aruco/local_setup.sh
[8.397s] -- Up-to-date: /home/ichbinwil/Opencv_ROS/install/aruco/share/aruco/local_setup.zsh
[8.397s] -- Up-to-date: /home/ichbinwil/Opencv_ROS/install/aruco/share/aruco/local_setup.dsv
[8.397s] -- Installing: /home/ichbinwil/Opencv_ROS/install/aruco/share/aruco/package.dsv
[8.398s] -- Up-to-date: /home/ichbinwil/Opencv_ROS/install/aruco/share/ament_index/resource_index/packages/aruco
[8.398s] -- Up-to-date: /home/ichbinwil/Opencv_ROS/install/aruco/share/aruco/cmake/ament_cmake_export_dependencies-extras.cmake
[8.398s] -- Up-to-date: /home/ichbinwil/Opencv_ROS/install/aruco/share/aruco/cmake/arucoConfig.cmake
[8.398s] -- Up-to-date: /home/ichbinwil/Opencv_ROS/install/aruco/share/aruco/cmake/arucoConfig-version.cmake
[8.399s] -- Up-to-date: /home/ichbinwil/Opencv_ROS/install/aruco/share/aruco/package.xml
[8.401s] Invoked command in '/home/ichbinwil/Opencv_ROS/build/aruco' returned '0': CMAKE_PREFIX_PATH=${CMAKE_PREFIX_PATH}:/opt/ros/humble /usr/bin/cmake --install /home/ichbinwil/Opencv_ROS/build/aruco
