[0.223s] DEBUG:colcon:Command line arguments: ['/usr/bin/colcon', 'build']
[0.224s] DEBUG:colcon:Parsed command line arguments: Namespace(log_base=None, log_level=None, verb_name='build', build_base='build', install_base='install', merge_install=False, symlink_install=False, test_result_base=None, continue_on_error=False, executor='parallel', parallel_workers=8, event_handlers=None, ignore_user_meta=False, metas=['./colcon.meta'], base_paths=['.'], packages_ignore=None, packages_ignore_regex=None, paths=None, packages_up_to=None, packages_up_to_regex=None, packages_above=None, packages_above_and_dependencies=None, packages_above_depth=None, packages_select_by_dep=None, packages_skip_by_dep=None, packages_skip_up_to=None, packages_select_build_failed=False, packages_skip_build_finished=False, packages_select_test_failures=False, packages_skip_test_passed=False, packages_select=None, packages_skip=None, packages_select_regex=None, packages_skip_regex=None, packages_start=None, packages_end=None, cmake_args=None, cmake_target=None, cmake_target_skip_unavailable=False, cmake_clean_cache=False, cmake_clean_first=False, cmake_force_configure=False, ament_cmake_args=None, catkin_cmake_args=None, catkin_skip_building_tests=False, verb_parser=<colcon_defaults.argument_parser.defaults.DefaultArgumentsDecorator object at 0x7e6167e83230>, verb_extension=<colcon_core.verb.build.BuildVerb object at 0x7e6168033d40>, main=<bound method BuildVerb.main of <colcon_core.verb.build.BuildVerb object at 0x7e6168033d40>>)
[0.304s] Level 1:colcon.colcon_core.package_discovery:discover_packages(colcon_meta) check parameters
[0.305s] Level 1:colcon.colcon_core.package_discovery:discover_packages(recursive) check parameters
[0.305s] Level 1:colcon.colcon_core.package_discovery:discover_packages(ignore) check parameters
[0.305s] Level 1:colcon.colcon_core.package_discovery:discover_packages(path) check parameters
[0.305s] Level 1:colcon.colcon_core.package_discovery:discover_packages(colcon_meta) discover
[0.305s] Level 1:colcon.colcon_core.package_discovery:discover_packages(recursive) discover
[0.305s] INFO:colcon.colcon_core.package_discovery:Crawling recursively for packages in '/home/ichbinwil/Documents/Aruco_ros'
[0.305s] Level 1:colcon.colcon_core.package_identification:_identify(.) by extensions ['ignore', 'ignore_ament_install']
[0.305s] Level 1:colcon.colcon_core.package_identification:_identify(.) by extension 'ignore'
[0.306s] Level 1:colcon.colcon_core.package_identification:_identify(.) by extension 'ignore_ament_install'
[0.306s] Level 1:colcon.colcon_core.package_identification:_identify(.) by extensions ['colcon_pkg']
[0.306s] Level 1:colcon.colcon_core.package_identification:_identify(.) by extension 'colcon_pkg'
[0.306s] Level 1:colcon.colcon_core.package_identification:_identify(.) by extensions ['colcon_meta']
[0.306s] Level 1:colcon.colcon_core.package_identification:_identify(.) by extension 'colcon_meta'
[0.306s] Level 1:colcon.colcon_core.package_identification:_identify(.) by extensions ['ros']
[0.306s] Level 1:colcon.colcon_core.package_identification:_identify(.) by extension 'ros'
[0.351s] Level 1:colcon.colcon_core.package_identification:_identify(.) by extensions ['cmake', 'python']
[0.351s] Level 1:colcon.colcon_core.package_identification:_identify(.) by extension 'cmake'
[0.351s] Level 1:colcon.colcon_core.package_identification:_identify(.) by extension 'python'
[0.352s] Level 1:colcon.colcon_core.package_identification:_identify(.) by extensions ['python_setup_py']
[0.352s] Level 1:colcon.colcon_core.package_identification:_identify(.) by extension 'python_setup_py'
[0.352s] Level 1:colcon.colcon_core.package_identification:_identify(build) by extensions ['ignore', 'ignore_ament_install']
[0.352s] Level 1:colcon.colcon_core.package_identification:_identify(build) by extension 'ignore'
[0.352s] Level 1:colcon.colcon_core.package_identification:_identify(build) ignored
[0.352s] Level 1:colcon.colcon_core.package_identification:_identify(install) by extensions ['ignore', 'ignore_ament_install']
[0.352s] Level 1:colcon.colcon_core.package_identification:_identify(install) by extension 'ignore'
[0.352s] Level 1:colcon.colcon_core.package_identification:_identify(install) ignored
[0.353s] Level 1:colcon.colcon_core.package_identification:_identify(log) by extensions ['ignore', 'ignore_ament_install']
[0.353s] Level 1:colcon.colcon_core.package_identification:_identify(log) by extension 'ignore'
[0.353s] Level 1:colcon.colcon_core.package_identification:_identify(log) ignored
[0.353s] Level 1:colcon.colcon_core.package_identification:_identify(src) by extensions ['ignore', 'ignore_ament_install']
[0.353s] Level 1:colcon.colcon_core.package_identification:_identify(src) by extension 'ignore'
[0.353s] Level 1:colcon.colcon_core.package_identification:_identify(src) by extension 'ignore_ament_install'
[0.353s] Level 1:colcon.colcon_core.package_identification:_identify(src) by extensions ['colcon_pkg']
[0.353s] Level 1:colcon.colcon_core.package_identification:_identify(src) by extension 'colcon_pkg'
[0.353s] Level 1:colcon.colcon_core.package_identification:_identify(src) by extensions ['colcon_meta']
[0.353s] Level 1:colcon.colcon_core.package_identification:_identify(src) by extension 'colcon_meta'
[0.354s] Level 1:colcon.colcon_core.package_identification:_identify(src) by extensions ['ros']
[0.354s] Level 1:colcon.colcon_core.package_identification:_identify(src) by extension 'ros'
[0.354s] Level 1:colcon.colcon_core.package_identification:_identify(src) by extensions ['cmake', 'python']
[0.354s] Level 1:colcon.colcon_core.package_identification:_identify(src) by extension 'cmake'
[0.354s] Level 1:colcon.colcon_core.package_identification:_identify(src) by extension 'python'
[0.354s] Level 1:colcon.colcon_core.package_identification:_identify(src) by extensions ['python_setup_py']
[0.354s] Level 1:colcon.colcon_core.package_identification:_identify(src) by extension 'python_setup_py'
[0.354s] Level 1:colcon.colcon_core.package_identification:_identify(src/aruco) by extensions ['ignore', 'ignore_ament_install']
[0.354s] Level 1:colcon.colcon_core.package_identification:_identify(src/aruco) by extension 'ignore'
[0.354s] Level 1:colcon.colcon_core.package_identification:_identify(src/aruco) by extension 'ignore_ament_install'
[0.354s] Level 1:colcon.colcon_core.package_identification:_identify(src/aruco) by extensions ['colcon_pkg']
[0.354s] Level 1:colcon.colcon_core.package_identification:_identify(src/aruco) by extension 'colcon_pkg'
[0.355s] Level 1:colcon.colcon_core.package_identification:_identify(src/aruco) by extensions ['colcon_meta']
[0.355s] Level 1:colcon.colcon_core.package_identification:_identify(src/aruco) by extension 'colcon_meta'
[0.355s] Level 1:colcon.colcon_core.package_identification:_identify(src/aruco) by extensions ['ros']
[0.355s] Level 1:colcon.colcon_core.package_identification:_identify(src/aruco) by extension 'ros'
[0.358s] DEBUG:colcon.colcon_core.package_identification:Package 'src/aruco' with type 'ros.ament_cmake' and name 'aruco'
[0.358s] Level 1:colcon.colcon_core.package_discovery:discover_packages(recursive) using defaults
[0.358s] Level 1:colcon.colcon_core.package_discovery:discover_packages(ignore) discover
[0.358s] Level 1:colcon.colcon_core.package_discovery:discover_packages(ignore) using defaults
[0.359s] Level 1:colcon.colcon_core.package_discovery:discover_packages(path) discover
[0.359s] Level 1:colcon.colcon_core.package_discovery:discover_packages(path) using defaults
[0.391s] Level 5:colcon.colcon_core.verb:set package 'aruco' build argument 'cmake_args' from command line to 'None'
[0.391s] Level 5:colcon.colcon_core.verb:set package 'aruco' build argument 'cmake_target' from command line to 'None'
[0.391s] Level 5:colcon.colcon_core.verb:set package 'aruco' build argument 'cmake_target_skip_unavailable' from command line to 'False'
[0.391s] Level 5:colcon.colcon_core.verb:set package 'aruco' build argument 'cmake_clean_cache' from command line to 'False'
[0.391s] Level 5:colcon.colcon_core.verb:set package 'aruco' build argument 'cmake_clean_first' from command line to 'False'
[0.391s] Level 5:colcon.colcon_core.verb:set package 'aruco' build argument 'cmake_force_configure' from command line to 'False'
[0.391s] Level 5:colcon.colcon_core.verb:set package 'aruco' build argument 'ament_cmake_args' from command line to 'None'
[0.391s] Level 5:colcon.colcon_core.verb:set package 'aruco' build argument 'catkin_cmake_args' from command line to 'None'
[0.391s] Level 5:colcon.colcon_core.verb:set package 'aruco' build argument 'catkin_skip_building_tests' from command line to 'False'
[0.391s] DEBUG:colcon.colcon_core.verb:Building package 'aruco' with the following arguments: {'ament_cmake_args': None, 'build_base': '/home/ichbinwil/Documents/Aruco_ros/build/aruco', 'catkin_cmake_args': None, 'catkin_skip_building_tests': False, 'cmake_args': None, 'cmake_clean_cache': False, 'cmake_clean_first': False, 'cmake_force_configure': False, 'cmake_target': None, 'cmake_target_skip_unavailable': False, 'install_base': '/home/ichbinwil/Documents/Aruco_ros/install/aruco', 'merge_install': False, 'path': '/home/ichbinwil/Documents/Aruco_ros/src/aruco', 'symlink_install': False, 'test_result_base': None}
[0.392s] INFO:colcon.colcon_core.executor:Executing jobs using 'parallel' executor
[0.393s] DEBUG:colcon.colcon_parallel_executor.executor.parallel:run_until_complete
[0.393s] INFO:colcon.colcon_ros.task.ament_cmake.build:Building ROS package in '/home/ichbinwil/Documents/Aruco_ros/src/aruco' with build type 'ament_cmake'
[0.393s] INFO:colcon.colcon_cmake.task.cmake.build:Building CMake package in '/home/ichbinwil/Documents/Aruco_ros/src/aruco'
[0.398s] INFO:colcon.colcon_core.plugin_system:Skipping extension 'colcon_core.shell.bat': Not used on non-Windows systems
[0.399s] DEBUG:colcon.colcon_core.shell:Skip shell extension 'dsv' for command environment
[0.417s] DEBUG:colcon.colcon_core.event_handler.log_command:Invoking command in '/home/ichbinwil/Documents/Aruco_ros/build/aruco': CMAKE_PREFIX_PATH=${CMAKE_PREFIX_PATH}:/opt/ros/jazzy DEBUGINFOD_URLS=https://debuginfod.ubuntu.com /usr/bin/cmake --build /home/ichbinwil/Documents/Aruco_ros/build/aruco -- -j8 -l8
[9.841s] DEBUG:colcon.colcon_core.event_handler.log_command:Invoked command in '/home/ichbinwil/Documents/Aruco_ros/build/aruco' returned '0': CMAKE_PREFIX_PATH=${CMAKE_PREFIX_PATH}:/opt/ros/jazzy DEBUGINFOD_URLS=https://debuginfod.ubuntu.com /usr/bin/cmake --build /home/ichbinwil/Documents/Aruco_ros/build/aruco -- -j8 -l8
[9.860s] DEBUG:colcon.colcon_core.event_handler.log_command:Invoking command in '/home/ichbinwil/Documents/Aruco_ros/build/aruco': CMAKE_PREFIX_PATH=${CMAKE_PREFIX_PATH}:/opt/ros/jazzy DEBUGINFOD_URLS=https://debuginfod.ubuntu.com /usr/bin/cmake --install /home/ichbinwil/Documents/Aruco_ros/build/aruco
[9.884s] Level 1:colcon.colcon_core.environment:create_environment_scripts_only(aruco)
[9.885s] DEBUG:colcon.colcon_core.event_handler.log_command:Invoked command in '/home/ichbinwil/Documents/Aruco_ros/build/aruco' returned '0': CMAKE_PREFIX_PATH=${CMAKE_PREFIX_PATH}:/opt/ros/jazzy DEBUGINFOD_URLS=https://debuginfod.ubuntu.com /usr/bin/cmake --install /home/ichbinwil/Documents/Aruco_ros/build/aruco
[9.891s] Level 1:colcon.colcon_core.environment:checking '/home/ichbinwil/Documents/Aruco_ros/install/aruco' for CMake module files
[9.893s] Level 1:colcon.colcon_core.environment:checking '/home/ichbinwil/Documents/Aruco_ros/install/aruco' for CMake config files
[9.894s] Level 1:colcon.colcon_core.shell:create_environment_hook('aruco', 'cmake_prefix_path')
[9.894s] INFO:colcon.colcon_core.shell:Creating environment descriptor '/home/ichbinwil/Documents/Aruco_ros/install/aruco/share/aruco/hook/cmake_prefix_path.dsv'
[9.895s] INFO:colcon.colcon_core.shell:Creating environment hook '/home/ichbinwil/Documents/Aruco_ros/install/aruco/share/aruco/hook/cmake_prefix_path.sh'
[9.897s] Level 1:colcon.colcon_core.environment:checking '/home/ichbinwil/Documents/Aruco_ros/install/aruco/lib'
[9.898s] Level 1:colcon.colcon_core.environment:checking '/home/ichbinwil/Documents/Aruco_ros/install/aruco/bin'
[9.898s] Level 1:colcon.colcon_core.environment:checking '/home/ichbinwil/Documents/Aruco_ros/install/aruco/lib/pkgconfig/aruco.pc'
[9.904s] Level 1:colcon.colcon_core.environment:checking '/home/ichbinwil/Documents/Aruco_ros/install/aruco/lib/python3.12/site-packages'
[9.905s] Level 1:colcon.colcon_core.environment:checking '/home/ichbinwil/Documents/Aruco_ros/install/aruco/bin'
[9.905s] INFO:colcon.colcon_core.shell:Creating package descriptor '/home/ichbinwil/Documents/Aruco_ros/install/aruco/share/aruco/package.dsv'
[9.907s] INFO:colcon.colcon_core.shell:Creating package script '/home/ichbinwil/Documents/Aruco_ros/install/aruco/share/aruco/package.sh'
[9.908s] INFO:colcon.colcon_core.shell:Creating package script '/home/ichbinwil/Documents/Aruco_ros/install/aruco/share/aruco/package.bash'
[9.909s] INFO:colcon.colcon_core.shell:Creating package script '/home/ichbinwil/Documents/Aruco_ros/install/aruco/share/aruco/package.zsh'
[9.910s] Level 1:colcon.colcon_core.environment:create_file_with_runtime_dependencies(/home/ichbinwil/Documents/Aruco_ros/install/aruco/share/colcon-core/packages/aruco)
[9.911s] Level 1:colcon.colcon_core.environment:create_environment_scripts_only(aruco)
[9.911s] Level 1:colcon.colcon_core.environment:checking '/home/ichbinwil/Documents/Aruco_ros/install/aruco' for CMake module files
[9.912s] Level 1:colcon.colcon_core.environment:checking '/home/ichbinwil/Documents/Aruco_ros/install/aruco' for CMake config files
[9.912s] Level 1:colcon.colcon_core.shell:create_environment_hook('aruco', 'cmake_prefix_path')
[9.913s] INFO:colcon.colcon_core.shell:Creating environment descriptor '/home/ichbinwil/Documents/Aruco_ros/install/aruco/share/aruco/hook/cmake_prefix_path.dsv'
[9.913s] INFO:colcon.colcon_core.shell:Creating environment hook '/home/ichbinwil/Documents/Aruco_ros/install/aruco/share/aruco/hook/cmake_prefix_path.sh'
[9.915s] Level 1:colcon.colcon_core.environment:checking '/home/ichbinwil/Documents/Aruco_ros/install/aruco/lib'
[9.915s] Level 1:colcon.colcon_core.environment:checking '/home/ichbinwil/Documents/Aruco_ros/install/aruco/bin'
[9.915s] Level 1:colcon.colcon_core.environment:checking '/home/ichbinwil/Documents/Aruco_ros/install/aruco/lib/pkgconfig/aruco.pc'
[9.916s] Level 1:colcon.colcon_core.environment:checking '/home/ichbinwil/Documents/Aruco_ros/install/aruco/lib/python3.12/site-packages'
[9.917s] Level 1:colcon.colcon_core.environment:checking '/home/ichbinwil/Documents/Aruco_ros/install/aruco/bin'
[9.918s] INFO:colcon.colcon_core.shell:Creating package descriptor '/home/ichbinwil/Documents/Aruco_ros/install/aruco/share/aruco/package.dsv'
[9.919s] INFO:colcon.colcon_core.shell:Creating package script '/home/ichbinwil/Documents/Aruco_ros/install/aruco/share/aruco/package.sh'
[9.921s] INFO:colcon.colcon_core.shell:Creating package script '/home/ichbinwil/Documents/Aruco_ros/install/aruco/share/aruco/package.bash'
[9.922s] INFO:colcon.colcon_core.shell:Creating package script '/home/ichbinwil/Documents/Aruco_ros/install/aruco/share/aruco/package.zsh'
[9.923s] Level 1:colcon.colcon_core.environment:create_file_with_runtime_dependencies(/home/ichbinwil/Documents/Aruco_ros/install/aruco/share/colcon-core/packages/aruco)
[9.923s] DEBUG:colcon.colcon_parallel_executor.executor.parallel:closing loop
[9.924s] DEBUG:colcon.colcon_parallel_executor.executor.parallel:loop closed
[9.924s] DEBUG:colcon.colcon_parallel_executor.executor.parallel:run_until_complete finished with '0'
[9.924s] DEBUG:colcon.colcon_core.event_reactor:joining thread
[9.937s] INFO:colcon.colcon_core.plugin_system:Skipping extension 'colcon_notification.desktop_notification.terminal_notifier': Not used on non-Darwin systems
[9.937s] INFO:colcon.colcon_core.plugin_system:Skipping extension 'colcon_notification.desktop_notification.win32': Not used on non-Windows systems
[9.938s] INFO:colcon.colcon_notification.desktop_notification:Sending desktop notification using 'notify2'
[9.968s] DEBUG:colcon.colcon_core.event_reactor:joined thread
[9.968s] INFO:colcon.colcon_core.shell:Creating prefix script '/home/ichbinwil/Documents/Aruco_ros/install/local_setup.sh'
[9.970s] INFO:colcon.colcon_core.shell:Creating prefix util module '/home/ichbinwil/Documents/Aruco_ros/install/_local_setup_util_sh.py'
[9.972s] INFO:colcon.colcon_core.shell:Creating prefix chain script '/home/ichbinwil/Documents/Aruco_ros/install/setup.sh'
[9.974s] INFO:colcon.colcon_core.shell:Creating prefix script '/home/ichbinwil/Documents/Aruco_ros/install/local_setup.bash'
[9.976s] INFO:colcon.colcon_core.shell:Creating prefix chain script '/home/ichbinwil/Documents/Aruco_ros/install/setup.bash'
[9.978s] INFO:colcon.colcon_core.shell:Creating prefix script '/home/ichbinwil/Documents/Aruco_ros/install/local_setup.zsh'
[9.979s] INFO:colcon.colcon_core.shell:Creating prefix chain script '/home/ichbinwil/Documents/Aruco_ros/install/setup.zsh'
