[0.024s] Invoking command in '/home/ichbinwil/Opencv_ROS/build/aruco': CMAKE_PREFIX_PATH=${CMAKE_PREFIX_PATH}:/opt/ros/humble /usr/bin/cmake --build /home/ichbinwil/Opencv_ROS/build/aruco -- -j8 -l8
[0.150s] [ 50%] [32mBuilding CXX object CMakeFiles/aruco_detect.dir/src/aruco_detect.cpp.o[0m
[7.742s] [100%] [32m[1mLinking CXX executable aruco_detect[0m
[8.558s] [100%] Built target aruco_detect
[8.579s] Invoked command in '/home/ichbinwil/Opencv_ROS/build/aruco' returned '0': CMAKE_PREFIX_PATH=${CMAKE_PREFIX_PATH}:/opt/ros/humble /usr/bin/cmake --build /home/ichbinwil/Opencv_ROS/build/aruco -- -j8 -l8
[8.601s] Invoking command in '/home/ichbinwil/Opencv_ROS/build/aruco': CMAKE_PREFIX_PATH=${CMAKE_PREFIX_PATH}:/opt/ros/humble /usr/bin/cmake --install /home/ichbinwil/Opencv_ROS/build/aruco
[8.615s] -- Install configuration: ""
[8.616s] -- Installing: /home/ichbinwil/Opencv_ROS/install/aruco/lib/aruco/aruco_detect
[8.617s] -- Set runtime path of "/home/ichbinwil/Opencv_ROS/install/aruco/lib/aruco/aruco_detect" to ""
[8.618s] -- Up-to-date: /home/ichbinwil/Opencv_ROS/install/aruco/share/ament_index/resource_index/package_run_dependencies/aruco
[8.618s] -- Up-to-date: /home/ichbinwil/Opencv_ROS/install/aruco/share/ament_index/resource_index/parent_prefix_path/aruco
[8.619s] -- Up-to-date: /home/ichbinwil/Opencv_ROS/install/aruco/share/aruco/environment/ament_prefix_path.sh
[8.619s] -- Up-to-date: /home/ichbinwil/Opencv_ROS/install/aruco/share/aruco/environment/ament_prefix_path.dsv
[8.619s] -- Up-to-date: /home/ichbinwil/Opencv_ROS/install/aruco/share/aruco/environment/path.sh
[8.620s] -- Up-to-date: /home/ichbinwil/Opencv_ROS/install/aruco/share/aruco/environment/path.dsv
[8.620s] -- Up-to-date: /home/ichbinwil/Opencv_ROS/install/aruco/share/aruco/local_setup.bash
[8.620s] -- Up-to-date: /home/ichbinwil/Opencv_ROS/install/aruco/share/aruco/local_setup.sh
[8.621s] -- Up-to-date: /home/ichbinwil/Opencv_ROS/install/aruco/share/aruco/local_setup.zsh
[8.621s] -- Up-to-date: /home/ichbinwil/Opencv_ROS/install/aruco/share/aruco/local_setup.dsv
[8.621s] -- Installing: /home/ichbinwil/Opencv_ROS/install/aruco/share/aruco/package.dsv
[8.621s] -- Up-to-date: /home/ichbinwil/Opencv_ROS/install/aruco/share/ament_index/resource_index/packages/aruco
[8.621s] -- Up-to-date: /home/ichbinwil/Opencv_ROS/install/aruco/share/aruco/cmake/ament_cmake_export_dependencies-extras.cmake
[8.621s] -- Up-to-date: /home/ichbinwil/Opencv_ROS/install/aruco/share/aruco/cmake/arucoConfig.cmake
[8.621s] -- Up-to-date: /home/ichbinwil/Opencv_ROS/install/aruco/share/aruco/cmake/arucoConfig-version.cmake
[8.622s] -- Up-to-date: /home/ichbinwil/Opencv_ROS/install/aruco/share/aruco/package.xml
[8.625s] Invoked command in '/home/ichbinwil/Opencv_ROS/build/aruco' returned '0': CMAKE_PREFIX_PATH=${CMAKE_PREFIX_PATH}:/opt/ros/humble /usr/bin/cmake --install /home/ichbinwil/Opencv_ROS/build/aruco
