[0.199s] DEBUG:colcon:Command line arguments: ['/usr/bin/colcon', 'build']
[0.199s] DEBUG:colcon:Parsed command line arguments: Namespace(log_base=None, log_level=None, verb_name='build', build_base='build', install_base='install', merge_install=False, symlink_install=False, test_result_base=None, continue_on_error=False, executor='parallel', parallel_workers=8, event_handlers=None, ignore_user_meta=False, metas=['./colcon.meta'], base_paths=['.'], packages_ignore=None, packages_ignore_regex=None, paths=None, packages_up_to=None, packages_up_to_regex=None, packages_above=None, packages_above_and_dependencies=None, packages_above_depth=None, packages_select_by_dep=None, packages_skip_by_dep=None, packages_skip_up_to=None, packages_select_build_failed=False, packages_skip_build_finished=False, packages_select_test_failures=False, packages_skip_test_passed=False, packages_select=None, packages_skip=None, packages_select_regex=None, packages_skip_regex=None, packages_start=None, packages_end=None, allow_overriding=[], cmake_args=None, cmake_target=None, cmake_target_skip_unavailable=False, cmake_clean_cache=False, cmake_clean_first=False, cmake_force_configure=False, ament_cmake_args=None, catkin_cmake_args=None, catkin_skip_building_tests=False, verb_parser=<colcon_defaults.argument_parser.defaults.DefaultArgumentsDecorator object at 0x747a82444730>, verb_extension=<colcon_core.verb.build.BuildVerb object at 0x747a82444160>, main=<bound method BuildVerb.main of <colcon_core.verb.build.BuildVerb object at 0x747a82444160>>)
[0.517s] Level 1:colcon.colcon_core.package_discovery:discover_packages(colcon_meta) check parameters
[0.517s] Level 1:colcon.colcon_core.package_discovery:discover_packages(recursive) check parameters
[0.517s] Level 1:colcon.colcon_core.package_discovery:discover_packages(ignore) check parameters
[0.517s] Level 1:colcon.colcon_core.package_discovery:discover_packages(path) check parameters
[0.517s] Level 1:colcon.colcon_core.package_discovery:discover_packages(colcon_meta) discover
[0.517s] Level 1:colcon.colcon_core.package_discovery:discover_packages(recursive) discover
[0.518s] INFO:colcon.colcon_core.package_discovery:Crawling recursively for packages in '/home/ichbinwil/Opencv_ROS'
[0.518s] Level 1:colcon.colcon_core.package_identification:_identify(.) by extensions ['ignore', 'ignore_ament_install']
[0.518s] Level 1:colcon.colcon_core.package_identification:_identify(.) by extension 'ignore'
[0.518s] Level 1:colcon.colcon_core.package_identification:_identify(.) by extension 'ignore_ament_install'
[0.518s] Level 1:colcon.colcon_core.package_identification:_identify(.) by extensions ['colcon_pkg']
[0.518s] Level 1:colcon.colcon_core.package_identification:_identify(.) by extension 'colcon_pkg'
[0.519s] Level 1:colcon.colcon_core.package_identification:_identify(.) by extensions ['colcon_meta']
[0.519s] Level 1:colcon.colcon_core.package_identification:_identify(.) by extension 'colcon_meta'
[0.519s] Level 1:colcon.colcon_core.package_identification:_identify(.) by extensions ['ros']
[0.519s] Level 1:colcon.colcon_core.package_identification:_identify(.) by extension 'ros'
[0.544s] Level 1:colcon.colcon_core.package_identification:_identify(.) by extensions ['cmake', 'python']
[0.544s] Level 1:colcon.colcon_core.package_identification:_identify(.) by extension 'cmake'
[0.544s] Level 1:colcon.colcon_core.package_identification:_identify(.) by extension 'python'
[0.544s] Level 1:colcon.colcon_core.package_identification:_identify(.) by extensions ['python_setup_py']
[0.545s] Level 1:colcon.colcon_core.package_identification:_identify(.) by extension 'python_setup_py'
[0.545s] Level 1:colcon.colcon_core.package_identification:_identify(build) by extensions ['ignore', 'ignore_ament_install']
[0.545s] Level 1:colcon.colcon_core.package_identification:_identify(build) by extension 'ignore'
[0.545s] Level 1:colcon.colcon_core.package_identification:_identify(build) ignored
[0.546s] Level 1:colcon.colcon_core.package_identification:_identify(install) by extensions ['ignore', 'ignore_ament_install']
[0.546s] Level 1:colcon.colcon_core.package_identification:_identify(install) by extension 'ignore'
[0.546s] Level 1:colcon.colcon_core.package_identification:_identify(install) ignored
[0.546s] Level 1:colcon.colcon_core.package_identification:_identify(log) by extensions ['ignore', 'ignore_ament_install']
[0.546s] Level 1:colcon.colcon_core.package_identification:_identify(log) by extension 'ignore'
[0.547s] Level 1:colcon.colcon_core.package_identification:_identify(log) ignored
[0.547s] Level 1:colcon.colcon_core.package_identification:_identify(src) by extensions ['ignore', 'ignore_ament_install']
[0.547s] Level 1:colcon.colcon_core.package_identification:_identify(src) by extension 'ignore'
[0.547s] Level 1:colcon.colcon_core.package_identification:_identify(src) by extension 'ignore_ament_install'
[0.547s] Level 1:colcon.colcon_core.package_identification:_identify(src) by extensions ['colcon_pkg']
[0.547s] Level 1:colcon.colcon_core.package_identification:_identify(src) by extension 'colcon_pkg'
[0.547s] Level 1:colcon.colcon_core.package_identification:_identify(src) by extensions ['colcon_meta']
[0.547s] Level 1:colcon.colcon_core.package_identification:_identify(src) by extension 'colcon_meta'
[0.548s] Level 1:colcon.colcon_core.package_identification:_identify(src) by extensions ['ros']
[0.548s] Level 1:colcon.colcon_core.package_identification:_identify(src) by extension 'ros'
[0.548s] Level 1:colcon.colcon_core.package_identification:_identify(src) by extensions ['cmake', 'python']
[0.548s] Level 1:colcon.colcon_core.package_identification:_identify(src) by extension 'cmake'
[0.548s] Level 1:colcon.colcon_core.package_identification:_identify(src) by extension 'python'
[0.548s] Level 1:colcon.colcon_core.package_identification:_identify(src) by extensions ['python_setup_py']
[0.548s] Level 1:colcon.colcon_core.package_identification:_identify(src) by extension 'python_setup_py'
[0.548s] Level 1:colcon.colcon_core.package_identification:_identify(src/aruco) by extensions ['ignore', 'ignore_ament_install']
[0.549s] Level 1:colcon.colcon_core.package_identification:_identify(src/aruco) by extension 'ignore'
[0.549s] Level 1:colcon.colcon_core.package_identification:_identify(src/aruco) by extension 'ignore_ament_install'
[0.549s] Level 1:colcon.colcon_core.package_identification:_identify(src/aruco) by extensions ['colcon_pkg']
[0.549s] Level 1:colcon.colcon_core.package_identification:_identify(src/aruco) by extension 'colcon_pkg'
[0.549s] Level 1:colcon.colcon_core.package_identification:_identify(src/aruco) by extensions ['colcon_meta']
[0.549s] Level 1:colcon.colcon_core.package_identification:_identify(src/aruco) by extension 'colcon_meta'
[0.549s] Level 1:colcon.colcon_core.package_identification:_identify(src/aruco) by extensions ['ros']
[0.549s] Level 1:colcon.colcon_core.package_identification:_identify(src/aruco) by extension 'ros'
[0.553s] DEBUG:colcon.colcon_core.package_identification:Package 'src/aruco' with type 'ros.ament_cmake' and name 'aruco'
[0.553s] Level 1:colcon.colcon_core.package_discovery:discover_packages(recursive) using defaults
[0.553s] Level 1:colcon.colcon_core.package_discovery:discover_packages(ignore) discover
[0.553s] Level 1:colcon.colcon_core.package_discovery:discover_packages(ignore) using defaults
[0.553s] Level 1:colcon.colcon_core.package_discovery:discover_packages(path) discover
[0.553s] Level 1:colcon.colcon_core.package_discovery:discover_packages(path) using defaults
[0.610s] Level 1:colcon.colcon_core.package_discovery:discover_packages(prefix_path) check parameters
[0.610s] Level 1:colcon.colcon_core.package_discovery:discover_packages(prefix_path) discover
[0.613s] DEBUG:colcon.colcon_installed_package_information.package_discovery:Found 6 installed packages in /home/ichbinwil/orbslam_ws/install
[0.616s] DEBUG:colcon.colcon_installed_package_information.package_discovery:Found 392 installed packages in /opt/ros/humble
[0.619s] Level 1:colcon.colcon_core.package_discovery:discover_packages(prefix_path) using defaults
[0.716s] Level 5:colcon.colcon_core.verb:set package 'aruco' build argument 'cmake_args' from command line to 'None'
[0.716s] Level 5:colcon.colcon_core.verb:set package 'aruco' build argument 'cmake_target' from command line to 'None'
[0.716s] Level 5:colcon.colcon_core.verb:set package 'aruco' build argument 'cmake_target_skip_unavailable' from command line to 'False'
[0.716s] Level 5:colcon.colcon_core.verb:set package 'aruco' build argument 'cmake_clean_cache' from command line to 'False'
[0.716s] Level 5:colcon.colcon_core.verb:set package 'aruco' build argument 'cmake_clean_first' from command line to 'False'
[0.716s] Level 5:colcon.colcon_core.verb:set package 'aruco' build argument 'cmake_force_configure' from command line to 'False'
[0.716s] Level 5:colcon.colcon_core.verb:set package 'aruco' build argument 'ament_cmake_args' from command line to 'None'
[0.716s] Level 5:colcon.colcon_core.verb:set package 'aruco' build argument 'catkin_cmake_args' from command line to 'None'
[0.716s] Level 5:colcon.colcon_core.verb:set package 'aruco' build argument 'catkin_skip_building_tests' from command line to 'False'
[0.716s] DEBUG:colcon.colcon_core.verb:Building package 'aruco' with the following arguments: {'ament_cmake_args': None, 'build_base': '/home/ichbinwil/Opencv_ROS/build/aruco', 'catkin_cmake_args': None, 'catkin_skip_building_tests': False, 'cmake_args': None, 'cmake_clean_cache': False, 'cmake_clean_first': False, 'cmake_force_configure': False, 'cmake_target': None, 'cmake_target_skip_unavailable': False, 'install_base': '/home/ichbinwil/Opencv_ROS/install/aruco', 'merge_install': False, 'path': '/home/ichbinwil/Opencv_ROS/src/aruco', 'symlink_install': False, 'test_result_base': None}
[0.716s] INFO:colcon.colcon_core.executor:Executing jobs using 'parallel' executor
[0.718s] DEBUG:colcon.colcon_parallel_executor.executor.parallel:run_until_complete
[0.718s] INFO:colcon.colcon_ros.task.ament_cmake.build:Building ROS package in '/home/ichbinwil/Opencv_ROS/src/aruco' with build type 'ament_cmake'
[0.718s] INFO:colcon.colcon_cmake.task.cmake.build:Building CMake package in '/home/ichbinwil/Opencv_ROS/src/aruco'
[0.722s] INFO:colcon.colcon_core.plugin_system:Skipping extension 'colcon_core.shell.bat': Not used on non-Windows systems
[0.722s] INFO:colcon.colcon_core.shell:Skip shell extension 'powershell' for command environment: Not usable outside of PowerShell
[0.722s] DEBUG:colcon.colcon_core.shell:Skip shell extension 'dsv' for command environment
[0.743s] DEBUG:colcon.colcon_core.event_handler.log_command:Invoking command in '/home/ichbinwil/Opencv_ROS/build/aruco': CMAKE_PREFIX_PATH=${CMAKE_PREFIX_PATH}:/opt/ros/humble /usr/bin/cmake --build /home/ichbinwil/Opencv_ROS/build/aruco -- -j8 -l8
[9.321s] DEBUG:colcon.colcon_core.event_handler.log_command:Invoked command in '/home/ichbinwil/Opencv_ROS/build/aruco' returned '0': CMAKE_PREFIX_PATH=${CMAKE_PREFIX_PATH}:/opt/ros/humble /usr/bin/cmake --build /home/ichbinwil/Opencv_ROS/build/aruco -- -j8 -l8
[9.342s] DEBUG:colcon.colcon_core.event_handler.log_command:Invoking command in '/home/ichbinwil/Opencv_ROS/build/aruco': CMAKE_PREFIX_PATH=${CMAKE_PREFIX_PATH}:/opt/ros/humble /usr/bin/cmake --install /home/ichbinwil/Opencv_ROS/build/aruco
[9.364s] Level 1:colcon.colcon_core.environment:create_environment_scripts_only(aruco)
[9.365s] DEBUG:colcon.colcon_core.event_handler.log_command:Invoked command in '/home/ichbinwil/Opencv_ROS/build/aruco' returned '0': CMAKE_PREFIX_PATH=${CMAKE_PREFIX_PATH}:/opt/ros/humble /usr/bin/cmake --install /home/ichbinwil/Opencv_ROS/build/aruco
[9.372s] Level 1:colcon.colcon_core.environment:checking '/home/ichbinwil/Opencv_ROS/install/aruco' for CMake module files
[9.373s] Level 1:colcon.colcon_core.environment:checking '/home/ichbinwil/Opencv_ROS/install/aruco' for CMake config files
[9.374s] Level 1:colcon.colcon_core.shell:create_environment_hook('aruco', 'cmake_prefix_path')
[9.374s] INFO:colcon.colcon_core.shell:Creating environment hook '/home/ichbinwil/Opencv_ROS/install/aruco/share/aruco/hook/cmake_prefix_path.ps1'
[9.376s] INFO:colcon.colcon_core.shell:Creating environment descriptor '/home/ichbinwil/Opencv_ROS/install/aruco/share/aruco/hook/cmake_prefix_path.dsv'
[9.377s] INFO:colcon.colcon_core.shell:Creating environment hook '/home/ichbinwil/Opencv_ROS/install/aruco/share/aruco/hook/cmake_prefix_path.sh'
[9.379s] Level 1:colcon.colcon_core.environment:checking '/home/ichbinwil/Opencv_ROS/install/aruco/lib'
[9.379s] Level 1:colcon.colcon_core.environment:checking '/home/ichbinwil/Opencv_ROS/install/aruco/bin'
[9.380s] Level 1:colcon.colcon_core.environment:checking '/home/ichbinwil/Opencv_ROS/install/aruco/lib/pkgconfig/aruco.pc'
[9.380s] Level 1:colcon.colcon_core.environment:checking '/home/ichbinwil/Opencv_ROS/install/aruco/lib/python3.10/site-packages'
[9.381s] Level 1:colcon.colcon_core.environment:checking '/home/ichbinwil/Opencv_ROS/install/aruco/bin'
[9.381s] INFO:colcon.colcon_core.shell:Creating package script '/home/ichbinwil/Opencv_ROS/install/aruco/share/aruco/package.ps1'
[9.384s] INFO:colcon.colcon_core.shell:Creating package descriptor '/home/ichbinwil/Opencv_ROS/install/aruco/share/aruco/package.dsv'
[9.385s] INFO:colcon.colcon_core.shell:Creating package script '/home/ichbinwil/Opencv_ROS/install/aruco/share/aruco/package.sh'
[9.387s] INFO:colcon.colcon_core.shell:Creating package script '/home/ichbinwil/Opencv_ROS/install/aruco/share/aruco/package.bash'
[9.389s] INFO:colcon.colcon_core.shell:Creating package script '/home/ichbinwil/Opencv_ROS/install/aruco/share/aruco/package.zsh'
[9.390s] Level 1:colcon.colcon_core.environment:create_file_with_runtime_dependencies(/home/ichbinwil/Opencv_ROS/install/aruco/share/colcon-core/packages/aruco)
[9.391s] Level 1:colcon.colcon_core.environment:create_environment_scripts_only(aruco)
[9.392s] Level 1:colcon.colcon_core.environment:checking '/home/ichbinwil/Opencv_ROS/install/aruco' for CMake module files
[9.393s] Level 1:colcon.colcon_core.environment:checking '/home/ichbinwil/Opencv_ROS/install/aruco' for CMake config files
[9.393s] Level 1:colcon.colcon_core.shell:create_environment_hook('aruco', 'cmake_prefix_path')
[9.393s] INFO:colcon.colcon_core.shell:Creating environment hook '/home/ichbinwil/Opencv_ROS/install/aruco/share/aruco/hook/cmake_prefix_path.ps1'
[9.394s] INFO:colcon.colcon_core.shell:Creating environment descriptor '/home/ichbinwil/Opencv_ROS/install/aruco/share/aruco/hook/cmake_prefix_path.dsv'
[9.395s] INFO:colcon.colcon_core.shell:Creating environment hook '/home/ichbinwil/Opencv_ROS/install/aruco/share/aruco/hook/cmake_prefix_path.sh'
[9.396s] Level 1:colcon.colcon_core.environment:checking '/home/ichbinwil/Opencv_ROS/install/aruco/lib'
[9.396s] Level 1:colcon.colcon_core.environment:checking '/home/ichbinwil/Opencv_ROS/install/aruco/bin'
[9.396s] Level 1:colcon.colcon_core.environment:checking '/home/ichbinwil/Opencv_ROS/install/aruco/lib/pkgconfig/aruco.pc'
[9.397s] Level 1:colcon.colcon_core.environment:checking '/home/ichbinwil/Opencv_ROS/install/aruco/lib/python3.10/site-packages'
[9.397s] Level 1:colcon.colcon_core.environment:checking '/home/ichbinwil/Opencv_ROS/install/aruco/bin'
[9.398s] INFO:colcon.colcon_core.shell:Creating package script '/home/ichbinwil/Opencv_ROS/install/aruco/share/aruco/package.ps1'
[9.399s] INFO:colcon.colcon_core.shell:Creating package descriptor '/home/ichbinwil/Opencv_ROS/install/aruco/share/aruco/package.dsv'
[9.401s] INFO:colcon.colcon_core.shell:Creating package script '/home/ichbinwil/Opencv_ROS/install/aruco/share/aruco/package.sh'
[9.402s] INFO:colcon.colcon_core.shell:Creating package script '/home/ichbinwil/Opencv_ROS/install/aruco/share/aruco/package.bash'
[9.404s] INFO:colcon.colcon_core.shell:Creating package script '/home/ichbinwil/Opencv_ROS/install/aruco/share/aruco/package.zsh'
[9.405s] Level 1:colcon.colcon_core.environment:create_file_with_runtime_dependencies(/home/ichbinwil/Opencv_ROS/install/aruco/share/colcon-core/packages/aruco)
[9.406s] DEBUG:colcon.colcon_parallel_executor.executor.parallel:closing loop
[9.406s] DEBUG:colcon.colcon_parallel_executor.executor.parallel:loop closed
[9.407s] DEBUG:colcon.colcon_parallel_executor.executor.parallel:run_until_complete finished with '0'
[9.407s] DEBUG:colcon.colcon_core.event_reactor:joining thread
[9.417s] INFO:colcon.colcon_core.plugin_system:Skipping extension 'colcon_notification.desktop_notification.terminal_notifier': Not used on non-Darwin systems
[9.417s] INFO:colcon.colcon_core.plugin_system:Skipping extension 'colcon_notification.desktop_notification.win32': Not used on non-Windows systems
[9.418s] INFO:colcon.colcon_notification.desktop_notification:Sending desktop notification using 'notify2'
[9.438s] DEBUG:colcon.colcon_core.event_reactor:joined thread
[9.439s] INFO:colcon.colcon_core.shell:Creating prefix script '/home/ichbinwil/Opencv_ROS/install/local_setup.ps1'
[9.441s] INFO:colcon.colcon_core.shell:Creating prefix util module '/home/ichbinwil/Opencv_ROS/install/_local_setup_util_ps1.py'
[9.445s] INFO:colcon.colcon_core.shell:Creating prefix chain script '/home/ichbinwil/Opencv_ROS/install/setup.ps1'
[9.448s] INFO:colcon.colcon_core.shell:Creating prefix script '/home/ichbinwil/Opencv_ROS/install/local_setup.sh'
[9.449s] INFO:colcon.colcon_core.shell:Creating prefix util module '/home/ichbinwil/Opencv_ROS/install/_local_setup_util_sh.py'
[9.451s] INFO:colcon.colcon_core.shell:Creating prefix chain script '/home/ichbinwil/Opencv_ROS/install/setup.sh'
[9.453s] INFO:colcon.colcon_core.shell:Creating prefix script '/home/ichbinwil/Opencv_ROS/install/local_setup.bash'
[9.455s] INFO:colcon.colcon_core.shell:Creating prefix chain script '/home/ichbinwil/Opencv_ROS/install/setup.bash'
[9.457s] INFO:colcon.colcon_core.shell:Creating prefix script '/home/ichbinwil/Opencv_ROS/install/local_setup.zsh'
[9.458s] INFO:colcon.colcon_core.shell:Creating prefix chain script '/home/ichbinwil/Opencv_ROS/install/setup.zsh'
