[0.192s] DEBUG:colcon:Command line arguments: ['/usr/bin/colcon', 'build']
[0.193s] DEBUG:colcon:Parsed command line arguments: Namespace(log_base=None, log_level=None, verb_name='build', build_base='build', install_base='install', merge_install=False, symlink_install=False, test_result_base=None, continue_on_error=False, executor='parallel', parallel_workers=8, event_handlers=None, ignore_user_meta=False, metas=['./colcon.meta'], base_paths=['.'], packages_ignore=None, packages_ignore_regex=None, paths=None, packages_up_to=None, packages_up_to_regex=None, packages_above=None, packages_above_and_dependencies=None, packages_above_depth=None, packages_select_by_dep=None, packages_skip_by_dep=None, packages_skip_up_to=None, packages_select_build_failed=False, packages_skip_build_finished=False, packages_select_test_failures=False, packages_skip_test_passed=False, packages_select=None, packages_skip=None, packages_select_regex=None, packages_skip_regex=None, packages_start=None, packages_end=None, allow_overriding=[], cmake_args=None, cmake_target=None, cmake_target_skip_unavailable=False, cmake_clean_cache=False, cmake_clean_first=False, cmake_force_configure=False, ament_cmake_args=None, catkin_cmake_args=None, catkin_skip_building_tests=False, verb_parser=<colcon_defaults.argument_parser.defaults.DefaultArgumentsDecorator object at 0x732d97d68730>, verb_extension=<colcon_core.verb.build.BuildVerb object at 0x732d97d68160>, main=<bound method BuildVerb.main of <colcon_core.verb.build.BuildVerb object at 0x732d97d68160>>)
[0.518s] Level 1:colcon.colcon_core.package_discovery:discover_packages(colcon_meta) check parameters
[0.519s] Level 1:colcon.colcon_core.package_discovery:discover_packages(recursive) check parameters
[0.519s] Level 1:colcon.colcon_core.package_discovery:discover_packages(ignore) check parameters
[0.519s] Level 1:colcon.colcon_core.package_discovery:discover_packages(path) check parameters
[0.519s] Level 1:colcon.colcon_core.package_discovery:discover_packages(colcon_meta) discover
[0.519s] Level 1:colcon.colcon_core.package_discovery:discover_packages(recursive) discover
[0.519s] INFO:colcon.colcon_core.package_discovery:Crawling recursively for packages in '/home/ichbinwil/Opencv_ROS'
[0.519s] Level 1:colcon.colcon_core.package_identification:_identify(.) by extensions ['ignore', 'ignore_ament_install']
[0.520s] Level 1:colcon.colcon_core.package_identification:_identify(.) by extension 'ignore'
[0.520s] Level 1:colcon.colcon_core.package_identification:_identify(.) by extension 'ignore_ament_install'
[0.520s] Level 1:colcon.colcon_core.package_identification:_identify(.) by extensions ['colcon_pkg']
[0.520s] Level 1:colcon.colcon_core.package_identification:_identify(.) by extension 'colcon_pkg'
[0.520s] Level 1:colcon.colcon_core.package_identification:_identify(.) by extensions ['colcon_meta']
[0.520s] Level 1:colcon.colcon_core.package_identification:_identify(.) by extension 'colcon_meta'
[0.520s] Level 1:colcon.colcon_core.package_identification:_identify(.) by extensions ['ros']
[0.520s] Level 1:colcon.colcon_core.package_identification:_identify(.) by extension 'ros'
[0.539s] Level 1:colcon.colcon_core.package_identification:_identify(.) by extensions ['cmake', 'python']
[0.539s] Level 1:colcon.colcon_core.package_identification:_identify(.) by extension 'cmake'
[0.539s] Level 1:colcon.colcon_core.package_identification:_identify(.) by extension 'python'
[0.539s] Level 1:colcon.colcon_core.package_identification:_identify(.) by extensions ['python_setup_py']
[0.539s] Level 1:colcon.colcon_core.package_identification:_identify(.) by extension 'python_setup_py'
[0.539s] Level 1:colcon.colcon_core.package_identification:_identify(build) by extensions ['ignore', 'ignore_ament_install']
[0.539s] Level 1:colcon.colcon_core.package_identification:_identify(build) by extension 'ignore'
[0.539s] Level 1:colcon.colcon_core.package_identification:_identify(build) ignored
[0.540s] Level 1:colcon.colcon_core.package_identification:_identify(install) by extensions ['ignore', 'ignore_ament_install']
[0.540s] Level 1:colcon.colcon_core.package_identification:_identify(install) by extension 'ignore'
[0.540s] Level 1:colcon.colcon_core.package_identification:_identify(install) ignored
[0.540s] Level 1:colcon.colcon_core.package_identification:_identify(log) by extensions ['ignore', 'ignore_ament_install']
[0.540s] Level 1:colcon.colcon_core.package_identification:_identify(log) by extension 'ignore'
[0.540s] Level 1:colcon.colcon_core.package_identification:_identify(log) ignored
[0.541s] Level 1:colcon.colcon_core.package_identification:_identify(src) by extensions ['ignore', 'ignore_ament_install']
[0.541s] Level 1:colcon.colcon_core.package_identification:_identify(src) by extension 'ignore'
[0.541s] Level 1:colcon.colcon_core.package_identification:_identify(src) by extension 'ignore_ament_install'
[0.541s] Level 1:colcon.colcon_core.package_identification:_identify(src) by extensions ['colcon_pkg']
[0.541s] Level 1:colcon.colcon_core.package_identification:_identify(src) by extension 'colcon_pkg'
[0.541s] Level 1:colcon.colcon_core.package_identification:_identify(src) by extensions ['colcon_meta']
[0.541s] Level 1:colcon.colcon_core.package_identification:_identify(src) by extension 'colcon_meta'
[0.541s] Level 1:colcon.colcon_core.package_identification:_identify(src) by extensions ['ros']
[0.541s] Level 1:colcon.colcon_core.package_identification:_identify(src) by extension 'ros'
[0.541s] Level 1:colcon.colcon_core.package_identification:_identify(src) by extensions ['cmake', 'python']
[0.541s] Level 1:colcon.colcon_core.package_identification:_identify(src) by extension 'cmake'
[0.541s] Level 1:colcon.colcon_core.package_identification:_identify(src) by extension 'python'
[0.541s] Level 1:colcon.colcon_core.package_identification:_identify(src) by extensions ['python_setup_py']
[0.542s] Level 1:colcon.colcon_core.package_identification:_identify(src) by extension 'python_setup_py'
[0.542s] Level 1:colcon.colcon_core.package_identification:_identify(src/aruco) by extensions ['ignore', 'ignore_ament_install']
[0.542s] Level 1:colcon.colcon_core.package_identification:_identify(src/aruco) by extension 'ignore'
[0.542s] Level 1:colcon.colcon_core.package_identification:_identify(src/aruco) by extension 'ignore_ament_install'
[0.542s] Level 1:colcon.colcon_core.package_identification:_identify(src/aruco) by extensions ['colcon_pkg']
[0.542s] Level 1:colcon.colcon_core.package_identification:_identify(src/aruco) by extension 'colcon_pkg'
[0.542s] Level 1:colcon.colcon_core.package_identification:_identify(src/aruco) by extensions ['colcon_meta']
[0.542s] Level 1:colcon.colcon_core.package_identification:_identify(src/aruco) by extension 'colcon_meta'
[0.542s] Level 1:colcon.colcon_core.package_identification:_identify(src/aruco) by extensions ['ros']
[0.542s] Level 1:colcon.colcon_core.package_identification:_identify(src/aruco) by extension 'ros'
[0.550s] DEBUG:colcon.colcon_core.package_identification:Package 'src/aruco' with type 'ros.ament_cmake' and name 'aruco'
[0.550s] Level 1:colcon.colcon_core.package_discovery:discover_packages(recursive) using defaults
[0.550s] Level 1:colcon.colcon_core.package_discovery:discover_packages(ignore) discover
[0.550s] Level 1:colcon.colcon_core.package_discovery:discover_packages(ignore) using defaults
[0.550s] Level 1:colcon.colcon_core.package_discovery:discover_packages(path) discover
[0.550s] Level 1:colcon.colcon_core.package_discovery:discover_packages(path) using defaults
[0.600s] Level 1:colcon.colcon_core.package_discovery:discover_packages(prefix_path) check parameters
[0.601s] Level 1:colcon.colcon_core.package_discovery:discover_packages(prefix_path) discover
[0.604s] DEBUG:colcon.colcon_installed_package_information.package_discovery:Found 1 installed packages in /home/ichbinwil/Opencv_ROS/install
[0.605s] DEBUG:colcon.colcon_installed_package_information.package_discovery:Found 6 installed packages in /home/ichbinwil/orbslam_ws/install
[0.607s] DEBUG:colcon.colcon_installed_package_information.package_discovery:Found 392 installed packages in /opt/ros/humble
[0.610s] Level 1:colcon.colcon_core.package_discovery:discover_packages(prefix_path) using defaults
[0.708s] Level 5:colcon.colcon_core.verb:set package 'aruco' build argument 'cmake_args' from command line to 'None'
[0.708s] Level 5:colcon.colcon_core.verb:set package 'aruco' build argument 'cmake_target' from command line to 'None'
[0.709s] Level 5:colcon.colcon_core.verb:set package 'aruco' build argument 'cmake_target_skip_unavailable' from command line to 'False'
[0.709s] Level 5:colcon.colcon_core.verb:set package 'aruco' build argument 'cmake_clean_cache' from command line to 'False'
[0.709s] Level 5:colcon.colcon_core.verb:set package 'aruco' build argument 'cmake_clean_first' from command line to 'False'
[0.709s] Level 5:colcon.colcon_core.verb:set package 'aruco' build argument 'cmake_force_configure' from command line to 'False'
[0.709s] Level 5:colcon.colcon_core.verb:set package 'aruco' build argument 'ament_cmake_args' from command line to 'None'
[0.709s] Level 5:colcon.colcon_core.verb:set package 'aruco' build argument 'catkin_cmake_args' from command line to 'None'
[0.709s] Level 5:colcon.colcon_core.verb:set package 'aruco' build argument 'catkin_skip_building_tests' from command line to 'False'
[0.709s] DEBUG:colcon.colcon_core.verb:Building package 'aruco' with the following arguments: {'ament_cmake_args': None, 'build_base': '/home/ichbinwil/Opencv_ROS/build/aruco', 'catkin_cmake_args': None, 'catkin_skip_building_tests': False, 'cmake_args': None, 'cmake_clean_cache': False, 'cmake_clean_first': False, 'cmake_force_configure': False, 'cmake_target': None, 'cmake_target_skip_unavailable': False, 'install_base': '/home/ichbinwil/Opencv_ROS/install/aruco', 'merge_install': False, 'path': '/home/ichbinwil/Opencv_ROS/src/aruco', 'symlink_install': False, 'test_result_base': None}
[0.709s] INFO:colcon.colcon_core.executor:Executing jobs using 'parallel' executor
[0.711s] DEBUG:colcon.colcon_parallel_executor.executor.parallel:run_until_complete
[0.712s] INFO:colcon.colcon_ros.task.ament_cmake.build:Building ROS package in '/home/ichbinwil/Opencv_ROS/src/aruco' with build type 'ament_cmake'
[0.713s] INFO:colcon.colcon_cmake.task.cmake.build:Building CMake package in '/home/ichbinwil/Opencv_ROS/src/aruco'
[0.717s] INFO:colcon.colcon_core.plugin_system:Skipping extension 'colcon_core.shell.bat': Not used on non-Windows systems
[0.717s] INFO:colcon.colcon_core.shell:Skip shell extension 'powershell' for command environment: Not usable outside of PowerShell
[0.717s] DEBUG:colcon.colcon_core.shell:Skip shell extension 'dsv' for command environment
[0.738s] DEBUG:colcon.colcon_core.event_handler.log_command:Invoking command in '/home/ichbinwil/Opencv_ROS/build/aruco': CMAKE_PREFIX_PATH=${CMAKE_PREFIX_PATH}:/opt/ros/humble /usr/bin/cmake --build /home/ichbinwil/Opencv_ROS/build/aruco -- -j8 -l8
[9.447s] DEBUG:colcon.colcon_core.event_handler.log_command:Invoked command in '/home/ichbinwil/Opencv_ROS/build/aruco' returned '0': CMAKE_PREFIX_PATH=${CMAKE_PREFIX_PATH}:/opt/ros/humble /usr/bin/cmake --build /home/ichbinwil/Opencv_ROS/build/aruco -- -j8 -l8
[9.466s] DEBUG:colcon.colcon_core.event_handler.log_command:Invoking command in '/home/ichbinwil/Opencv_ROS/build/aruco': CMAKE_PREFIX_PATH=${CMAKE_PREFIX_PATH}:/opt/ros/humble /usr/bin/cmake --install /home/ichbinwil/Opencv_ROS/build/aruco
[9.487s] Level 1:colcon.colcon_core.environment:create_environment_scripts_only(aruco)
[9.488s] DEBUG:colcon.colcon_core.event_handler.log_command:Invoked command in '/home/ichbinwil/Opencv_ROS/build/aruco' returned '0': CMAKE_PREFIX_PATH=${CMAKE_PREFIX_PATH}:/opt/ros/humble /usr/bin/cmake --install /home/ichbinwil/Opencv_ROS/build/aruco
[9.493s] Level 1:colcon.colcon_core.environment:checking '/home/ichbinwil/Opencv_ROS/install/aruco' for CMake module files
[9.494s] Level 1:colcon.colcon_core.environment:checking '/home/ichbinwil/Opencv_ROS/install/aruco' for CMake config files
[9.495s] Level 1:colcon.colcon_core.shell:create_environment_hook('aruco', 'cmake_prefix_path')
[9.495s] INFO:colcon.colcon_core.shell:Creating environment hook '/home/ichbinwil/Opencv_ROS/install/aruco/share/aruco/hook/cmake_prefix_path.ps1'
[9.497s] INFO:colcon.colcon_core.shell:Creating environment descriptor '/home/ichbinwil/Opencv_ROS/install/aruco/share/aruco/hook/cmake_prefix_path.dsv'
[9.498s] INFO:colcon.colcon_core.shell:Creating environment hook '/home/ichbinwil/Opencv_ROS/install/aruco/share/aruco/hook/cmake_prefix_path.sh'
[9.500s] Level 1:colcon.colcon_core.environment:checking '/home/ichbinwil/Opencv_ROS/install/aruco/lib'
[9.501s] Level 1:colcon.colcon_core.environment:checking '/home/ichbinwil/Opencv_ROS/install/aruco/bin'
[9.501s] Level 1:colcon.colcon_core.environment:checking '/home/ichbinwil/Opencv_ROS/install/aruco/lib/pkgconfig/aruco.pc'
[9.502s] Level 1:colcon.colcon_core.environment:checking '/home/ichbinwil/Opencv_ROS/install/aruco/lib/python3.10/site-packages'
[9.503s] Level 1:colcon.colcon_core.environment:checking '/home/ichbinwil/Opencv_ROS/install/aruco/bin'
[9.503s] INFO:colcon.colcon_core.shell:Creating package script '/home/ichbinwil/Opencv_ROS/install/aruco/share/aruco/package.ps1'
[9.505s] INFO:colcon.colcon_core.shell:Creating package descriptor '/home/ichbinwil/Opencv_ROS/install/aruco/share/aruco/package.dsv'
[9.507s] INFO:colcon.colcon_core.shell:Creating package script '/home/ichbinwil/Opencv_ROS/install/aruco/share/aruco/package.sh'
[9.509s] INFO:colcon.colcon_core.shell:Creating package script '/home/ichbinwil/Opencv_ROS/install/aruco/share/aruco/package.bash'
[9.510s] INFO:colcon.colcon_core.shell:Creating package script '/home/ichbinwil/Opencv_ROS/install/aruco/share/aruco/package.zsh'
[9.512s] Level 1:colcon.colcon_core.environment:create_file_with_runtime_dependencies(/home/ichbinwil/Opencv_ROS/install/aruco/share/colcon-core/packages/aruco)
[9.513s] Level 1:colcon.colcon_core.environment:create_environment_scripts_only(aruco)
[9.513s] Level 1:colcon.colcon_core.environment:checking '/home/ichbinwil/Opencv_ROS/install/aruco' for CMake module files
[9.514s] Level 1:colcon.colcon_core.environment:checking '/home/ichbinwil/Opencv_ROS/install/aruco' for CMake config files
[9.515s] Level 1:colcon.colcon_core.shell:create_environment_hook('aruco', 'cmake_prefix_path')
[9.515s] INFO:colcon.colcon_core.shell:Creating environment hook '/home/ichbinwil/Opencv_ROS/install/aruco/share/aruco/hook/cmake_prefix_path.ps1'
[9.516s] INFO:colcon.colcon_core.shell:Creating environment descriptor '/home/ichbinwil/Opencv_ROS/install/aruco/share/aruco/hook/cmake_prefix_path.dsv'
[9.517s] INFO:colcon.colcon_core.shell:Creating environment hook '/home/ichbinwil/Opencv_ROS/install/aruco/share/aruco/hook/cmake_prefix_path.sh'
[9.519s] Level 1:colcon.colcon_core.environment:checking '/home/ichbinwil/Opencv_ROS/install/aruco/lib'
[9.519s] Level 1:colcon.colcon_core.environment:checking '/home/ichbinwil/Opencv_ROS/install/aruco/bin'
[9.520s] Level 1:colcon.colcon_core.environment:checking '/home/ichbinwil/Opencv_ROS/install/aruco/lib/pkgconfig/aruco.pc'
[9.520s] Level 1:colcon.colcon_core.environment:checking '/home/ichbinwil/Opencv_ROS/install/aruco/lib/python3.10/site-packages'
[9.521s] Level 1:colcon.colcon_core.environment:checking '/home/ichbinwil/Opencv_ROS/install/aruco/bin'
[9.521s] INFO:colcon.colcon_core.shell:Creating package script '/home/ichbinwil/Opencv_ROS/install/aruco/share/aruco/package.ps1'
[9.523s] INFO:colcon.colcon_core.shell:Creating package descriptor '/home/ichbinwil/Opencv_ROS/install/aruco/share/aruco/package.dsv'
[9.523s] INFO:colcon.colcon_core.shell:Creating package script '/home/ichbinwil/Opencv_ROS/install/aruco/share/aruco/package.sh'
[9.524s] INFO:colcon.colcon_core.shell:Creating package script '/home/ichbinwil/Opencv_ROS/install/aruco/share/aruco/package.bash'
[9.525s] INFO:colcon.colcon_core.shell:Creating package script '/home/ichbinwil/Opencv_ROS/install/aruco/share/aruco/package.zsh'
[9.526s] Level 1:colcon.colcon_core.environment:create_file_with_runtime_dependencies(/home/ichbinwil/Opencv_ROS/install/aruco/share/colcon-core/packages/aruco)
[9.527s] DEBUG:colcon.colcon_parallel_executor.executor.parallel:closing loop
[9.527s] DEBUG:colcon.colcon_parallel_executor.executor.parallel:loop closed
[9.528s] DEBUG:colcon.colcon_parallel_executor.executor.parallel:run_until_complete finished with '0'
[9.528s] DEBUG:colcon.colcon_core.event_reactor:joining thread
[9.540s] INFO:colcon.colcon_core.plugin_system:Skipping extension 'colcon_notification.desktop_notification.terminal_notifier': Not used on non-Darwin systems
[9.540s] INFO:colcon.colcon_core.plugin_system:Skipping extension 'colcon_notification.desktop_notification.win32': Not used on non-Windows systems
[9.540s] INFO:colcon.colcon_notification.desktop_notification:Sending desktop notification using 'notify2'
[9.560s] DEBUG:colcon.colcon_core.event_reactor:joined thread
[9.561s] INFO:colcon.colcon_core.shell:Creating prefix script '/home/ichbinwil/Opencv_ROS/install/local_setup.ps1'
[9.564s] INFO:colcon.colcon_core.shell:Creating prefix util module '/home/ichbinwil/Opencv_ROS/install/_local_setup_util_ps1.py'
[9.570s] INFO:colcon.colcon_core.shell:Creating prefix chain script '/home/ichbinwil/Opencv_ROS/install/setup.ps1'
[9.574s] INFO:colcon.colcon_core.shell:Creating prefix script '/home/ichbinwil/Opencv_ROS/install/local_setup.sh'
[9.575s] INFO:colcon.colcon_core.shell:Creating prefix util module '/home/ichbinwil/Opencv_ROS/install/_local_setup_util_sh.py'
[9.576s] INFO:colcon.colcon_core.shell:Creating prefix chain script '/home/ichbinwil/Opencv_ROS/install/setup.sh'
[9.578s] INFO:colcon.colcon_core.shell:Creating prefix script '/home/ichbinwil/Opencv_ROS/install/local_setup.bash'
[9.579s] INFO:colcon.colcon_core.shell:Creating prefix chain script '/home/ichbinwil/Opencv_ROS/install/setup.bash'
[9.581s] INFO:colcon.colcon_core.shell:Creating prefix script '/home/ichbinwil/Opencv_ROS/install/local_setup.zsh'
[9.583s] INFO:colcon.colcon_core.shell:Creating prefix chain script '/home/ichbinwil/Opencv_ROS/install/setup.zsh'
